[I 2025-07-21 16:43:54,783] Using an existing study with name 'hello_slurm_study' instead of creating a new one.
2025-07-21 16:43:54,789 INFO Beginning study.optimize()
2025-07-21 16:43:54,831 INFO Starting trial #52
2025-07-21 16:43:54,850 INFO   Suggested x = 2.0164
2025-07-21 16:43:54,851 INFO   Using device: cpu
2025-07-21 16:43:54,866 INFO   Trial #52 loss = 0.000268
[I 2025-07-21 16:43:54,883] Trial 52 finished with value: 0.00026808810071088374 and parameters: {'x': 2.0163733449415346}. Best is trial 51 with value: 1.6849815438035876e-05.
2025-07-21 16:43:54,912 INFO Starting trial #56
2025-07-21 16:43:54,923 INFO   Suggested x = 0.6315
2025-07-21 16:43:54,923 INFO   Using device: cpu
2025-07-21 16:43:54,923 INFO   Trial #56 loss = 1.872682
[I 2025-07-21 16:43:54,936] Trial 56 finished with value: 1.8726816177368164 and parameters: {'x': 0.6315404388389314}. Best is trial 51 with value: 1.6849815438035876e-05.
2025-07-21 16:43:54,946 INFO Starting trial #59
2025-07-21 16:43:54,957 INFO   Suggested x = -0.2403
2025-07-21 16:43:54,957 INFO   Using device: cpu
2025-07-21 16:43:54,957 INFO   Trial #59 loss = 5.019042
[I 2025-07-21 16:43:54,971] Trial 59 finished with value: 5.019042015075684 and parameters: {'x': -0.2403218462105592}. Best is trial 51 with value: 1.6849815438035876e-05.
2025-07-21 16:43:54,984 INFO Starting trial #62
2025-07-21 16:43:54,993 INFO   Suggested x = 2.3563
2025-07-21 16:43:54,993 INFO   Using device: cpu
2025-07-21 16:43:54,993 INFO   Trial #62 loss = 0.126936
[I 2025-07-21 16:43:55,005] Trial 62 finished with value: 0.12693634629249573 and parameters: {'x': 2.356281285048404}. Best is trial 51 with value: 1.6849815438035876e-05.
2025-07-21 16:43:55,015 INFO Starting trial #66
2025-07-21 16:43:55,026 INFO   Suggested x = 0.4990
2025-07-21 16:43:55,027 INFO   Using device: cpu
2025-07-21 16:43:55,027 INFO   Trial #66 loss = 2.252979
[I 2025-07-21 16:43:55,061] Trial 66 finished with value: 2.252979278564453 and parameters: {'x': 0.49900721395279657}. Best is trial 51 with value: 1.6849815438035876e-05.
2025-07-21 16:43:55,071 INFO Starting trial #72
2025-07-21 16:43:55,079 INFO   Suggested x = 2.8224
2025-07-21 16:43:55,079 INFO   Using device: cpu
2025-07-21 16:43:55,079 INFO   Trial #72 loss = 0.676290
[I 2025-07-21 16:43:55,092] Trial 72 finished with value: 0.6762897372245789 and parameters: {'x': 2.8223682840857967}. Best is trial 51 with value: 1.6849815438035876e-05.
2025-07-21 16:43:55,101 INFO Starting trial #76
2025-07-21 16:43:55,130 INFO   Suggested x = 1.6501
2025-07-21 16:43:55,130 INFO   Using device: cpu
2025-07-21 16:43:55,130 INFO   Trial #76 loss = 0.122454
[I 2025-07-21 16:43:55,142] Trial 76 finished with value: 0.1224544569849968 and parameters: {'x': 1.6500650167717508}. Best is trial 51 with value: 1.6849815438035876e-05.
2025-07-21 16:43:55,152 INFO Starting trial #81
2025-07-21 16:43:55,160 INFO   Suggested x = 1.0008
2025-07-21 16:43:55,163 INFO   Using device: cpu
2025-07-21 16:43:55,163 INFO   Trial #81 loss = 0.998496
[I 2025-07-21 16:43:55,176] Trial 81 finished with value: 0.9984963536262512 and parameters: {'x': 1.000752085045801}. Best is trial 51 with value: 1.6849815438035876e-05.
2025-07-21 16:43:55,185 INFO Starting trial #86
2025-07-21 16:43:55,195 INFO   Suggested x = 2.1814
2025-07-21 16:43:55,195 INFO   Using device: cpu
2025-07-21 16:43:55,196 INFO   Trial #86 loss = 0.032903
[I 2025-07-21 16:43:55,208] Trial 86 finished with value: 0.032902780920267105 and parameters: {'x': 2.181391183362351}. Best is trial 51 with value: 1.6849815438035876e-05.
2025-07-21 16:43:55,217 INFO Starting trial #89
2025-07-21 16:43:55,226 INFO   Suggested x = -0.6144
2025-07-21 16:43:55,226 INFO   Using device: cpu
2025-07-21 16:43:55,226 INFO   Trial #89 loss = 6.835099
[I 2025-07-21 16:43:55,240] Trial 89 finished with value: 6.835099220275879 and parameters: {'x': -0.6144024255070093}. Best is trial 51 with value: 1.6849815438035876e-05.
2025-07-21 16:43:55,244 INFO Finished all trials. Best params: {'x': 2.004104937965073}
2025-07-21 16:43:55,250 INFO Trial 0: value=None, params={'x': -7.933599272647037}
2025-07-21 16:43:55,250 INFO Trial 1: value=20.414234161376953, params={'x': -2.5182110719048794}
2025-07-21 16:43:55,250 INFO Trial 2: value=0.7422578930854797, params={'x': 2.861543998350374}
2025-07-21 16:43:55,250 INFO Trial 3: value=0.825470507144928, params={'x': 1.0914458908652573}
2025-07-21 16:43:55,250 INFO Trial 4: value=46.66984939575195, params={'x': -4.831533428868433}
2025-07-21 16:43:55,250 INFO Trial 5: value=13.77025032043457, params={'x': 5.710828780549912}
2025-07-21 16:43:55,250 INFO Trial 6: value=31.71408462524414, params={'x': 7.631525864376371}
2025-07-21 16:43:55,250 INFO Trial 7: value=2.1901488304138184, params={'x': 0.5200848601137658}
2025-07-21 16:43:55,250 INFO Trial 8: value=105.66371154785156, params={'x': -8.279285520768049}
2025-07-21 16:43:55,251 INFO Trial 9: value=27.650794982910156, params={'x': 7.258402119477367}
2025-07-21 16:43:55,251 INFO Trial 10: value=3.7423861026763916, params={'x': 3.934524704077635}
2025-07-21 16:43:55,251 INFO Trial 11: value=3.7905097007751465, params={'x': 0.05307686057898309}
2025-07-21 16:43:55,251 INFO Trial 12: value=2.3435709476470947, params={'x': 3.5308724872579145}
2025-07-21 16:43:55,251 INFO Trial 13: value=63.48512649536133, params={'x': 9.967755617445281}
2025-07-21 16:43:55,251 INFO Trial 14: value=0.3157821297645569, params={'x': 2.5619449493600053}
2025-07-21 16:43:55,251 INFO Trial 15: value=0.05445769429206848, params={'x': 1.7666382229794242}
2025-07-21 16:43:55,251 INFO Trial 16: value=1.22809898853302, params={'x': 0.8918037108710352}
2025-07-21 16:43:55,251 INFO Trial 17: value=59.592044830322266, params={'x': 9.719588547774102}
2025-07-21 16:43:55,251 INFO Trial 18: value=22.682998657226562, params={'x': -2.762667298194203}
2025-07-21 16:43:55,251 INFO Trial 19: value=29.237449645996094, params={'x': -3.407166215156562}
2025-07-21 16:43:55,251 INFO Trial 20: value=28.29779052734375, params={'x': -3.319566475008008}
2025-07-21 16:43:55,251 INFO Trial 21: value=19.320640563964844, params={'x': -2.395525021315051}
2025-07-21 16:43:55,251 INFO Trial 22: value=0.39761003851890564, params={'x': 2.6305632486739317}
2025-07-21 16:43:55,251 INFO Trial 23: value=1.108483076095581, params={'x': 3.0528452138886006}
2025-07-21 16:43:55,251 INFO Trial 24: value=1.5349864959716797, params={'x': 3.23894573240585}
2025-07-21 16:43:55,251 INFO Trial 25: value=1.4486092329025269, params={'x': 3.203581913180665}
2025-07-21 16:43:55,251 INFO Trial 26: value=0.5139748454093933, params={'x': 2.7169203392291434}
2025-07-21 16:43:55,251 INFO Trial 27: value=11.090668678283691, params={'x': 5.330265480217973}
2025-07-21 16:43:55,251 INFO Trial 28: value=12.453304290771484, params={'x': 5.528923999557933}
2025-07-21 16:43:55,251 INFO Trial 29: value=9.48334789276123, params={'x': 5.079504619112353}
2025-07-21 16:43:55,251 INFO Trial 30: value=10.225199699401855, params={'x': 5.19768683067415}
2025-07-21 16:43:55,251 INFO Trial 31: value=10.355766296386719, params={'x': -1.2180376541871238}
2025-07-21 16:43:55,251 INFO Trial 32: value=10.361404418945312, params={'x': -1.2189136649591794}
2025-07-21 16:43:55,251 INFO Trial 33: value=0.029851004481315613, params={'x': 1.8272255199721923}
2025-07-21 16:43:55,251 INFO Trial 34: value=0.03350893035531044, params={'x': 2.1830543610153264}
2025-07-21 16:43:55,251 INFO Trial 35: value=0.052996620535850525, params={'x': 1.769790069308222}
2025-07-21 16:43:55,251 INFO Trial 36: value=0.21650350093841553, params={'x': 1.5347005767692439}
2025-07-21 16:43:55,251 INFO Trial 37: value=0.19840547442436218, params={'x': 1.5545726909048732}
2025-07-21 16:43:55,251 INFO Trial 38: value=0.6355500221252441, params={'x': 1.2027861013396757}
2025-07-21 16:43:55,251 INFO Trial 39: value=0.15176144242286682, params={'x': 1.6104343415290534}
2025-07-21 16:43:55,251 INFO Trial 40: value=8.652490615844727, params={'x': -0.9415116034164326}
2025-07-21 16:43:55,251 INFO Trial 41: value=9.289504051208496, params={'x': -1.0478685855880152}
2025-07-21 16:43:55,251 INFO Trial 42: value=136.9762420654297, params={'x': -9.703684553132064}
2025-07-21 16:43:55,251 INFO Trial 43: value=0.04921045899391174, params={'x': 1.7781657373243465}
2025-07-21 16:43:55,251 INFO Trial 44: value=4.887152671813965, params={'x': 4.210690616171268}
2025-07-21 16:43:55,251 INFO Trial 45: value=5.538541793823242, params={'x': 4.353410583950547}
2025-07-21 16:43:55,251 INFO Trial 46: value=5.212711811065674, params={'x': -0.2831364938054146}
2025-07-21 16:43:55,251 INFO Trial 47: value=69.47821807861328, params={'x': -6.335360061147865}
2025-07-21 16:43:55,251 INFO Trial 48: value=3.6857237815856934, params={'x': 0.0801760874771249}
2025-07-21 16:43:55,251 INFO Trial 49: value=24.335186004638672, params={'x': 6.933070573300457}
2025-07-21 16:43:55,251 INFO Trial 50: value=21.175527572631836, params={'x': 6.601687391894476}
2025-07-21 16:43:55,251 INFO Trial 51: value=1.6849815438035876e-05, params={'x': 2.004104937965073}
2025-07-21 16:43:55,251 INFO Trial 52: value=0.00026808810071088374, params={'x': 2.0163733449415346}
2025-07-21 16:43:55,251 INFO Trial 53: value=0.003323065582662821, params={'x': 1.9423539474336589}
2025-07-21 16:43:55,251 INFO Trial 54: value=0.023650117218494415, params={'x': 2.1537858807806454}
2025-07-21 16:43:55,251 INFO Trial 55: value=0.07106558978557587, params={'x': 2.2665812879164973}
2025-07-21 16:43:55,252 INFO Trial 56: value=1.8726816177368164, params={'x': 0.6315404388389314}
2025-07-21 16:43:55,252 INFO Trial 57: value=5.915086269378662, params={'x': 4.432095046500834}
2025-07-21 16:43:55,252 INFO Trial 58: value=4.771193504333496, params={'x': 4.184305919305174}
2025-07-21 16:43:55,252 INFO Trial 59: value=5.019042015075684, params={'x': -0.2403218462105592}
2025-07-21 16:43:55,252 INFO Trial 60: value=3.047960042953491, params={'x': 3.7458408784750947}
2025-07-21 16:43:55,252 INFO Trial 61: value=3.0017573833465576, params={'x': 3.732557997263305}
2025-07-21 16:43:55,252 INFO Trial 62: value=0.12693634629249573, params={'x': 2.356281285048404}
2025-07-21 16:43:55,252 INFO Trial 63: value=0.022425131872296333, params={'x': 2.1497502631529546}
2025-07-21 16:43:55,252 INFO Trial 64: value=1.1209049224853516, params={'x': 0.9412719786912518}
2025-07-21 16:43:55,252 INFO Trial 65: value=2.233121633529663, params={'x': 0.5056366309425548}
2025-07-21 16:43:55,252 INFO Trial 66: value=2.252979278564453, params={'x': 0.49900721395279657}
2025-07-21 16:43:55,252 INFO Trial 67: value=0.1032637432217598, params={'x': 2.3213466535649308}
2025-07-21 16:43:55,252 INFO Trial 68: value=0.8857856392860413, params={'x': 2.94116176156112}
2025-07-21 16:43:55,252 INFO Trial 69: value=17.73882293701172, params={'x': 6.211748190009776}
2025-07-21 16:43:55,252 INFO Trial 70: value=1.126153826713562, params={'x': 3.0612038602938956}
2025-07-21 16:43:55,252 INFO Trial 71: value=1.2364134788513184, params={'x': 3.111941453383354}
2025-07-21 16:43:55,252 INFO Trial 72: value=0.6762897372245789, params={'x': 2.8223682840857967}
2025-07-21 16:43:55,252 INFO Trial 73: value=18.694488525390625, params={'x': -2.323712624267706}
2025-07-21 16:43:55,252 INFO Trial 74: value=0.05586309731006622, params={'x': 1.763646302205603}
2025-07-21 16:43:55,252 INFO Trial 75: value=0.0006907786591909826, params={'x': 1.9737173551446503}
2025-07-21 16:43:55,252 INFO Trial 76: value=0.1224544569849968, params={'x': 1.6500650167717508}
2025-07-21 16:43:55,252 INFO Trial 77: value=35.935245513916016, params={'x': 7.9946012213472635}
2025-07-21 16:43:55,252 INFO Trial 78: value=0.01378095243126154, params={'x': 2.11739241482622}
2025-07-21 16:43:55,252 INFO Trial 79: value=8.126220703125, params={'x': 4.8506528006217415}
2025-07-21 16:43:55,252 INFO Trial 80: value=7.745983600616455, params={'x': 4.783160744000218}
2025-07-21 16:43:55,252 INFO Trial 81: value=0.9984963536262512, params={'x': 1.000752085045801}
2025-07-21 16:43:55,252 INFO Trial 82: value=0.6739059090614319, params={'x': 1.1790822230842064}
2025-07-21 16:43:55,252 INFO Trial 83: value=0.021700100973248482, params={'x': 2.147309483448863}
2025-07-21 16:43:55,252 INFO Trial 84: value=0.07605011761188507, params={'x': 2.27577176069165}
2025-07-21 16:43:55,252 INFO Trial 85: value=0.00012826376769226044, params={'x': 2.0113253251749845}
2025-07-21 16:43:55,252 INFO Trial 86: value=0.032902780920267105, params={'x': 2.181391183362351}
2025-07-21 16:43:55,252 INFO Trial 87: value=2.4277586936950684, params={'x': 3.5581267741387164}
2025-07-21 16:43:55,252 INFO Trial 88: value=2.285489559173584, params={'x': 3.5117836253507555}
2025-07-21 16:43:55,252 INFO Trial 89: value=6.835099220275879, params={'x': -0.6144024255070093}
2025-07-21 16:43:55,252 INFO Trial 90: value=None, params={'x': -1.8660031207746397}
2025-07-21 16:43:55,252 INFO Trial 91: value=None, params={}
2025-07-21 16:43:55,252 INFO Trial 92: value=None, params={}
